[INFO] 26-01-2026 10:08:34 [main] [LogUtils] - Open URL: https://demo.guru99.com/
[INFO] 26-01-2026 10:08:34 [main] [LogUtils] - Verify equals: https://demo.guru99.com/ and https://demo.guru99.com/
[INFO] 26-01-2026 10:09:29 [main] [LogUtils] - Open URL: https://demo.guru99.com/
[INFO] 26-01-2026 10:09:29 [main] [LogUtils] - Verify equals: https://demo.guru99.com/ and https://demo.guru99.com/
[INFO] 26-01-2026 10:09:34 [main] [LogUtils] - Open URL: https://demo.guru99.com/
[INFO] 26-01-2026 10:54:17 [main] [LogUtils] - Open URL: https://demo.guru99.com/
[INFO] 26-01-2026 10:54:17 [main] [LogUtils] - Verify equals: https://demo.guru99.com/ and https://demo.guru99.com/
[INFO] 26-01-2026 10:54:17 [main] [LogUtils] - Clicked element By.xpath: //input[@name='btnLogin']
[INFO] 26-01-2026 10:54:17 [main] [LogUtils] - Get text: Email ID must not be blank
[INFO] 26-01-2026 10:54:17 [main] [LogUtils] - Verify equals: Email ID must not be blank and Email ID must not be blank
[INFO] 26-01-2026 10:54:17 [main] [LogUtils] - Set text: ádasdasdasda on element By.xpath: //input[@name='emailid']
[INFO] 26-01-2026 10:54:17 [main] [LogUtils] - Set text: 123456789 on element By.xpath: //input[@name='emailid']
[INFO] 26-01-2026 10:54:17 [main] [LogUtils] - Get text: Email ID is not valid
[INFO] 26-01-2026 10:54:17 [main] [LogUtils] - Verify equals: Email ID is not valid and Email ID is not valid
[INFO] 26-01-2026 10:55:05 [main] [LogUtils] - Open URL: https://demo.guru99.com/
[INFO] 26-01-2026 10:55:05 [main] [LogUtils] - Verify equals: https://demo.guru99.com/ and https://demo.guru99.com/
[INFO] 26-01-2026 10:55:05 [main] [LogUtils] - Clicked element By.xpath: //input[@name='btnLogin']
[INFO] 26-01-2026 10:55:05 [main] [LogUtils] - Get text: Email ID must not be blank
[INFO] 26-01-2026 10:55:05 [main] [LogUtils] - Verify equals: Email ID must not be blank and Email ID must not be blank
[INFO] 26-01-2026 10:55:11 [main] [LogUtils] - Set text: ádasdasdasda on element By.xpath: //input[@name='emailid']
[INFO] 26-01-2026 10:55:16 [main] [LogUtils] - Set text: 123456789 on element By.xpath: //input[@name='emailid']
[INFO] 26-01-2026 10:55:21 [main] [LogUtils] - Get text: Email ID is not valid
[INFO] 26-01-2026 10:55:21 [main] [LogUtils] - Verify equals: Email ID is not valid and Email ID is not valid
[INFO] 26-01-2026 10:59:03 [main] [LogUtils] - Open URL: https://demo.guru99.com/
[INFO] 26-01-2026 10:59:03 [main] [LogUtils] - Verify equals: https://demo.guru99.com/ and https://demo.guru99.com/
[INFO] 26-01-2026 10:59:07 [main] [LogUtils] - Open URL: https://demo.guru99.com/
[INFO] 26-01-2026 10:59:07 [main] [LogUtils] - Verify equals: https://demo.guru99.com/ and https://demo.guru99.com/
[INFO] 26-01-2026 10:59:07 [main] [LogUtils] - Clicked element By.xpath: //input[@name='btnLogin']
[INFO] 26-01-2026 10:59:08 [main] [LogUtils] - Get text: Email ID must not be blank
[INFO] 26-01-2026 10:59:08 [main] [LogUtils] - Verify equals: Email ID must not be blank and Email ID must not be blank
[INFO] 26-01-2026 10:59:13 [main] [LogUtils] - Set text: ádasdasdasda on element By.xpath: //input[@name='emailid']
[INFO] 26-01-2026 10:59:18 [main] [LogUtils] - Set text: 123456789 on element By.xpath: //input[@name='emailid']
[INFO] 26-01-2026 10:59:23 [main] [LogUtils] - Get text: Email ID is not valid
[INFO] 26-01-2026 10:59:23 [main] [LogUtils] - Verify equals: Email ID is not valid and Email ID is not valid
[INFO] 26-01-2026 11:09:26 [main] [LogUtils] - Open URL: https://demo.guru99.com/
[INFO] 26-01-2026 11:09:27 [main] [LogUtils] - Verify equals: https://demo.guru99.com/ and https://demo.guru99.com/
[INFO] 26-01-2026 11:09:29 [main] [LogUtils] - Open URL: https://demo.guru99.com/
[INFO] 26-01-2026 11:09:29 [main] [LogUtils] - Verify equals: https://demo.guru99.com/ and https://demo.guru99.com/
[INFO] 26-01-2026 11:09:29 [main] [LogUtils] - Element is present: By.xpath: //img[@alt='Guru99 Demo Sites']
[INFO] 26-01-2026 11:09:29 [main] [LogUtils] - Get text: Guru99 Bank
[INFO] 26-01-2026 11:09:29 [main] [LogUtils] - Verify equals: Guru99 Bank and Guru99 Bank
[INFO] 26-01-2026 11:09:29 [main] [LogUtils] - Get text: Enter your email address to get
access details to demo site
[INFO] 26-01-2026 11:09:29 [main] [LogUtils] - Verify equals: Enter your email address to get
access details to demo site and Enter your email address to get 
 access details to demo site
[INFO] 26-01-2026 11:10:51 [main] [LogUtils] - Open URL: https://demo.guru99.com/
[INFO] 26-01-2026 11:10:51 [main] [LogUtils] - Verify equals: https://demo.guru99.com/ and https://demo.guru99.com/
[INFO] 26-01-2026 11:10:54 [main] [LogUtils] - Open URL: https://demo.guru99.com/
[INFO] 26-01-2026 11:10:54 [main] [LogUtils] - Verify equals: https://demo.guru99.com/ and https://demo.guru99.com/
[INFO] 26-01-2026 11:10:54 [main] [LogUtils] - Element is present: By.xpath: //img[@alt='Guru99 Demo Sites']
[INFO] 26-01-2026 11:10:54 [main] [LogUtils] - Get text: Guru99 Bank
[INFO] 26-01-2026 11:10:54 [main] [LogUtils] - Verify equals: Guru99 Bank and Guru99 Bank
[INFO] 26-01-2026 11:10:54 [main] [LogUtils] - Get text: Enter your email address to get
access details to demo site
[INFO] 26-01-2026 11:10:54 [main] [LogUtils] - Verify equals: Enter your email address to get
access details to demo site and Enter your email address to get  
  access details to demo site
[INFO] 26-01-2026 11:11:50 [main] [LogUtils] - Open URL: https://demo.guru99.com/
[INFO] 26-01-2026 11:11:50 [main] [LogUtils] - Verify equals: https://demo.guru99.com/ and https://demo.guru99.com/
[INFO] 26-01-2026 11:11:50 [main] [LogUtils] - Element is present: By.xpath: //img[@alt='Guru99 Demo Sites']
[INFO] 26-01-2026 11:11:50 [main] [LogUtils] - Get text: Guru99 Bank
[INFO] 26-01-2026 11:11:50 [main] [LogUtils] - Verify equals: Guru99 Bank and Guru99 Bank
[INFO] 26-01-2026 11:11:50 [main] [LogUtils] - Get text: Enter your email address to get
access details to demo site
[INFO] 26-01-2026 11:11:50 [main] [LogUtils] - Verify equals: Enter your email address to get
access details to demo site and Enter your email address to get
access details to demo site
[INFO] 26-01-2026 13:54:50 [main] [LogUtils] - Open URL: https://demo.guru99.com/
[INFO] 26-01-2026 13:54:50 [main] [LogUtils] - Verify equals: https://demo.guru99.com/ and https://demo.guru99.com/
[INFO] 26-01-2026 13:54:50 [main] [LogUtils] - Clicked element By.xpath: (//a[contains(text(), 'Selenium')])[1]
[INFO] 26-01-2026 13:57:02 [main] [LogUtils] - Open URL: https://demo.guru99.com/
[INFO] 26-01-2026 13:57:02 [main] [LogUtils] - Verify equals: https://demo.guru99.com/ and https://demo.guru99.com/
[INFO] 26-01-2026 13:57:02 [main] [LogUtils] - Clicked element By.xpath: (//a[contains(text(), 'Selenium')])[1]
[INFO] 26-01-2026 14:00:54 [main] [LogUtils] - Open URL: https://demo.guru99.com/
[INFO] 26-01-2026 14:00:54 [main] [LogUtils] - Verify equals: https://demo.guru99.com/ and https://demo.guru99.com/
[INFO] 26-01-2026 14:00:54 [main] [LogUtils] - Clicked element By.xpath: (//a[contains(text(), 'Selenium')])[1]
[INFO] 26-01-2026 15:02:54 [main] [LogUtils] - Open URL: https://demo.guru99.com/
[INFO] 26-01-2026 15:02:54 [main] [LogUtils] - Verify equals: https://demo.guru99.com/ and https://demo.guru99.com/
[INFO] 26-01-2026 15:02:54 [main] [LogUtils] - Found element successfully
[INFO] 26-01-2026 15:02:55 [main] [LogUtils] - Click an element successfully: //ul[contains(@class,'navbar-nav')]//a[normalize-space()='Insurance Project']
[INFO] 26-01-2026 15:02:58 [main] [LogUtils] - Open URL: https://demo.guru99.com/
[INFO] 26-01-2026 15:02:58 [main] [LogUtils] - Verify equals: https://demo.guru99.com/ and https://demo.guru99.com/
[INFO] 26-01-2026 15:02:58 [main] [LogUtils] - Found element successfully
[INFO] 26-01-2026 15:02:59 [main] [LogUtils] - Click an element successfully: //ul[contains(@class,'navbar-nav')]//a[normalize-space()='Agile Project']
[INFO] 26-01-2026 15:03:03 [main] [LogUtils] - Open URL: https://demo.guru99.com/
[INFO] 26-01-2026 15:03:03 [main] [LogUtils] - Verify equals: https://demo.guru99.com/ and https://demo.guru99.com/
[INFO] 26-01-2026 15:03:03 [main] [LogUtils] - Found element successfully
[INFO] 26-01-2026 15:03:04 [main] [LogUtils] - Click an element successfully: //ul[contains(@class,'navbar-nav')]//a[normalize-space()='Bank Project']
[INFO] 26-01-2026 15:03:07 [main] [LogUtils] - Open URL: https://demo.guru99.com/
[INFO] 26-01-2026 15:03:07 [main] [LogUtils] - Verify equals: https://demo.guru99.com/ and https://demo.guru99.com/
[INFO] 26-01-2026 15:03:07 [main] [LogUtils] - Found element successfully
[INFO] 26-01-2026 15:03:09 [main] [LogUtils] - Click an element successfully: //ul[contains(@class,'navbar-nav')]//a[normalize-space()='Security Project']
[INFO] 26-01-2026 15:03:12 [main] [LogUtils] - Open URL: https://demo.guru99.com/
[INFO] 26-01-2026 15:03:12 [main] [LogUtils] - Verify equals: https://demo.guru99.com/ and https://demo.guru99.com/
[INFO] 26-01-2026 15:03:12 [main] [LogUtils] - Found element successfully
[INFO] 26-01-2026 15:03:14 [main] [LogUtils] - Click an element successfully: //ul[contains(@class,'navbar-nav')]//a[normalize-space()='Telecom Project']
[INFO] 26-01-2026 15:03:17 [main] [LogUtils] - Open URL: https://demo.guru99.com/
[INFO] 26-01-2026 15:03:17 [main] [LogUtils] - Verify equals: https://demo.guru99.com/ and https://demo.guru99.com/
[INFO] 26-01-2026 15:03:17 [main] [LogUtils] - Found element successfully
[INFO] 26-01-2026 15:03:18 [main] [LogUtils] - Click an element successfully: //ul[contains(@class,'navbar-nav')]//a[normalize-space()='Payment Gateway Project']
[INFO] 26-01-2026 15:03:22 [main] [LogUtils] - Open URL: https://demo.guru99.com/
[INFO] 26-01-2026 15:03:22 [main] [LogUtils] - Verify equals: https://demo.guru99.com/ and https://demo.guru99.com/
[INFO] 26-01-2026 15:03:22 [main] [LogUtils] - Found element successfully
[INFO] 26-01-2026 15:03:23 [main] [LogUtils] - Click an element successfully: //ul[contains(@class,'navbar-nav')]//a[normalize-space()='New Tours']
[INFO] 26-01-2026 15:05:31 [main] [LogUtils] - Open URL: https://demo.guru99.com/
[INFO] 26-01-2026 15:05:31 [main] [LogUtils] - Verify equals: https://demo.guru99.com/ and https://demo.guru99.com/
[INFO] 26-01-2026 15:05:31 [main] [LogUtils] - Set text: ádasdasdasda on element By.xpath: //input[@name='emailid']
[INFO] 26-01-2026 15:05:37 [main] [LogUtils] - Get text: Email ID is not valid
[INFO] 26-01-2026 15:05:37 [main] [LogUtils] - Verify equals: Email ID is not valid and Email ID must not be blank
[INFO] 26-01-2026 15:06:13 [main] [LogUtils] - Open URL: https://demo.guru99.com/
[INFO] 26-01-2026 15:06:14 [main] [LogUtils] - Verify equals: https://demo.guru99.com/ and https://demo.guru99.com/
[INFO] 26-01-2026 15:06:14 [main] [LogUtils] - Element is present: By.xpath: //img[@alt='Guru99 Demo Sites']
[INFO] 26-01-2026 15:06:14 [main] [LogUtils] - Get text: Guru99 Bank
[INFO] 26-01-2026 15:06:14 [main] [LogUtils] - Verify equals: Guru99 Bank and Guru99 Bank
[INFO] 26-01-2026 15:06:14 [main] [LogUtils] - Get text: Enter your email address to get
access details to demo site
[INFO] 26-01-2026 15:06:14 [main] [LogUtils] - Verify equals: Enter your email address to get
access details to demo site and Enter your email address to get
access details to demo site
[INFO] 26-01-2026 15:06:18 [main] [LogUtils] - Open URL: https://demo.guru99.com/
[INFO] 26-01-2026 15:06:18 [main] [LogUtils] - Verify equals: https://demo.guru99.com/ and https://demo.guru99.com/
[INFO] 26-01-2026 15:06:19 [main] [LogUtils] - Clicked element By.xpath: //input[@name='btnLogin']
[INFO] 26-01-2026 15:06:19 [main] [LogUtils] - Get text: Email ID must not be blank
[INFO] 26-01-2026 15:06:19 [main] [LogUtils] - Verify equals: Email ID must not be blank and Email ID must not be blank
[INFO] 26-01-2026 15:06:24 [main] [LogUtils] - Set text: ádasdasdasda on element By.xpath: //input[@name='emailid']
[INFO] 26-01-2026 15:06:29 [main] [LogUtils] - Set text: 123456789 on element By.xpath: //input[@name='emailid']
[INFO] 26-01-2026 15:06:34 [main] [LogUtils] - Get text: Email ID is not valid
[INFO] 26-01-2026 15:06:34 [main] [LogUtils] - Verify equals: Email ID is not valid and Email ID is not valid
[INFO] 26-01-2026 15:06:42 [main] [LogUtils] - Open URL: https://demo.guru99.com/
[INFO] 26-01-2026 15:06:43 [main] [LogUtils] - Verify equals: https://demo.guru99.com/ and https://demo.guru99.com/
[INFO] 26-01-2026 15:06:43 [main] [LogUtils] - Set text: ádasdasdasda on element By.xpath: //input[@name='emailid']
[INFO] 26-01-2026 15:06:48 [main] [LogUtils] - Get text: Email ID is not valid
[INFO] 26-01-2026 15:06:48 [main] [LogUtils] - Verify equals: Email ID is not valid and Email ID must not be blank
[INFO] 26-01-2026 15:06:51 [main] [LogUtils] - Open URL: https://demo.guru99.com/
[INFO] 26-01-2026 15:06:51 [main] [LogUtils] - Verify equals: https://demo.guru99.com/ and https://demo.guru99.com/
[INFO] 26-01-2026 15:06:51 [main] [LogUtils] - Clicked element By.xpath: (//a[contains(text(), 'Selenium')])[1]
[INFO] 26-01-2026 15:07:00 [main] [LogUtils] - Open URL: https://demo.guru99.com/
[INFO] 26-01-2026 15:07:00 [main] [LogUtils] - Verify equals: https://demo.guru99.com/ and https://demo.guru99.com/
[INFO] 26-01-2026 15:07:00 [main] [LogUtils] - Found element successfully
[INFO] 26-01-2026 15:07:03 [main] [LogUtils] - Click an element successfully: //ul[contains(@class,'navbar-nav')]//a[normalize-space()='Insurance Project']
[INFO] 26-01-2026 15:07:07 [main] [LogUtils] - Open URL: https://demo.guru99.com/
[INFO] 26-01-2026 15:07:07 [main] [LogUtils] - Verify equals: https://demo.guru99.com/ and https://demo.guru99.com/
[INFO] 26-01-2026 15:07:07 [main] [LogUtils] - Found element successfully
[INFO] 26-01-2026 15:07:08 [main] [LogUtils] - Click an element successfully: //ul[contains(@class,'navbar-nav')]//a[normalize-space()='Agile Project']
[INFO] 26-01-2026 15:07:12 [main] [LogUtils] - Open URL: https://demo.guru99.com/
[INFO] 26-01-2026 15:07:12 [main] [LogUtils] - Verify equals: https://demo.guru99.com/ and https://demo.guru99.com/
[INFO] 26-01-2026 15:07:12 [main] [LogUtils] - Found element successfully
[INFO] 26-01-2026 15:07:13 [main] [LogUtils] - Click an element successfully: //ul[contains(@class,'navbar-nav')]//a[normalize-space()='Bank Project']
[INFO] 26-01-2026 15:07:17 [main] [LogUtils] - Open URL: https://demo.guru99.com/
[INFO] 26-01-2026 15:07:17 [main] [LogUtils] - Verify equals: https://demo.guru99.com/ and https://demo.guru99.com/
[INFO] 26-01-2026 15:07:17 [main] [LogUtils] - Found element successfully
[INFO] 26-01-2026 15:07:19 [main] [LogUtils] - Click an element successfully: //ul[contains(@class,'navbar-nav')]//a[normalize-space()='Security Project']
[INFO] 26-01-2026 15:07:22 [main] [LogUtils] - Open URL: https://demo.guru99.com/
[INFO] 26-01-2026 15:07:22 [main] [LogUtils] - Verify equals: https://demo.guru99.com/ and https://demo.guru99.com/
[INFO] 26-01-2026 15:07:22 [main] [LogUtils] - Found element successfully
[INFO] 26-01-2026 15:07:24 [main] [LogUtils] - Click an element successfully: //ul[contains(@class,'navbar-nav')]//a[normalize-space()='Telecom Project']
[INFO] 26-01-2026 15:07:27 [main] [LogUtils] - Open URL: https://demo.guru99.com/
[INFO] 26-01-2026 15:07:27 [main] [LogUtils] - Verify equals: https://demo.guru99.com/ and https://demo.guru99.com/
[INFO] 26-01-2026 15:07:27 [main] [LogUtils] - Found element successfully
[INFO] 26-01-2026 15:07:30 [main] [LogUtils] - Click an element successfully: //ul[contains(@class,'navbar-nav')]//a[normalize-space()='Payment Gateway Project']
[INFO] 26-01-2026 15:07:33 [main] [LogUtils] - Open URL: https://demo.guru99.com/
[INFO] 26-01-2026 15:07:33 [main] [LogUtils] - Verify equals: https://demo.guru99.com/ and https://demo.guru99.com/
[INFO] 26-01-2026 15:07:33 [main] [LogUtils] - Found element successfully
[INFO] 26-01-2026 15:07:35 [main] [LogUtils] - Click an element successfully: //ul[contains(@class,'navbar-nav')]//a[normalize-space()='New Tours']
[INFO] 26-01-2026 15:08:34 [main] [LogUtils] - Open URL: https://demo.guru99.com/
[INFO] 26-01-2026 15:08:34 [main] [LogUtils] - Verify equals: https://demo.guru99.com/ and https://demo.guru99.com/
[INFO] 26-01-2026 15:08:34 [main] [LogUtils] - Element is present: By.xpath: //img[@alt='Guru99 Demo Sites']
[INFO] 26-01-2026 15:08:35 [main] [LogUtils] - Get text: Guru99 Bank
[INFO] 26-01-2026 15:08:35 [main] [LogUtils] - Verify equals: Guru99 Bank and Guru99 Bank
[INFO] 26-01-2026 15:08:35 [main] [LogUtils] - Get text: Enter your email address to get
access details to demo site
[INFO] 26-01-2026 15:08:35 [main] [LogUtils] - Verify equals: Enter your email address to get
access details to demo site and Enter your email address to get
access details to demo site
[INFO] 26-01-2026 15:08:38 [main] [LogUtils] - Open URL: https://demo.guru99.com/
[INFO] 26-01-2026 15:08:38 [main] [LogUtils] - Verify equals: https://demo.guru99.com/ and https://demo.guru99.com/
[INFO] 26-01-2026 15:08:38 [main] [LogUtils] - Clicked element By.xpath: //input[@name='btnLogin']
[INFO] 26-01-2026 15:08:39 [main] [LogUtils] - Get text: Email ID must not be blank
[INFO] 26-01-2026 15:08:39 [main] [LogUtils] - Verify equals: Email ID must not be blank and Email ID must not be blank
[INFO] 26-01-2026 15:08:44 [main] [LogUtils] - Set text: ádasdasdasda on element By.xpath: //input[@name='emailid']
[INFO] 26-01-2026 15:08:49 [main] [LogUtils] - Set text: 123456789 on element By.xpath: //input[@name='emailid']
[INFO] 26-01-2026 15:08:54 [main] [LogUtils] - Get text: Email ID is not valid
[INFO] 26-01-2026 15:08:54 [main] [LogUtils] - Verify equals: Email ID is not valid and Email ID is not valid
[INFO] 26-01-2026 15:09:04 [main] [LogUtils] - Open URL: https://demo.guru99.com/
[INFO] 26-01-2026 15:09:04 [main] [LogUtils] - Verify equals: https://demo.guru99.com/ and https://demo.guru99.com/
[INFO] 26-01-2026 15:09:04 [main] [LogUtils] - Set text: ádasdasdasda on element By.xpath: //input[@name='emailid']
[INFO] 26-01-2026 15:09:09 [main] [LogUtils] - Get text: Email ID is not valid
[INFO] 26-01-2026 15:09:09 [main] [LogUtils] - Verify equals: Email ID is not valid and Email ID must not be blank
[INFO] 26-01-2026 15:09:12 [main] [LogUtils] - Open URL: https://demo.guru99.com/
[INFO] 26-01-2026 15:09:12 [main] [LogUtils] - Verify equals: https://demo.guru99.com/ and https://demo.guru99.com/
[INFO] 26-01-2026 15:09:12 [main] [LogUtils] - Clicked element By.xpath: (//a[contains(text(), 'Selenium')])[1]
[INFO] 26-01-2026 15:09:21 [main] [LogUtils] - Open URL: https://demo.guru99.com/
[INFO] 26-01-2026 15:09:21 [main] [LogUtils] - Verify equals: https://demo.guru99.com/ and https://demo.guru99.com/
[INFO] 26-01-2026 15:09:21 [main] [LogUtils] - Found element successfully
[INFO] 26-01-2026 15:09:22 [main] [LogUtils] - Click an element successfully: //ul[contains(@class,'navbar-nav')]//a[normalize-space()='Insurance Project']
[INFO] 26-01-2026 15:09:25 [main] [LogUtils] - Open URL: https://demo.guru99.com/
[INFO] 26-01-2026 15:09:25 [main] [LogUtils] - Verify equals: https://demo.guru99.com/ and https://demo.guru99.com/
[INFO] 26-01-2026 15:09:25 [main] [LogUtils] - Found element successfully
[INFO] 26-01-2026 15:09:26 [main] [LogUtils] - Click an element successfully: //ul[contains(@class,'navbar-nav')]//a[normalize-space()='Agile Project']
[INFO] 26-01-2026 15:09:29 [main] [LogUtils] - Open URL: https://demo.guru99.com/
[INFO] 26-01-2026 15:09:29 [main] [LogUtils] - Verify equals: https://demo.guru99.com/ and https://demo.guru99.com/
[INFO] 26-01-2026 15:09:29 [main] [LogUtils] - Found element successfully
[INFO] 26-01-2026 15:09:30 [main] [LogUtils] - Click an element successfully: //ul[contains(@class,'navbar-nav')]//a[normalize-space()='Bank Project']
[INFO] 26-01-2026 15:09:34 [main] [LogUtils] - Open URL: https://demo.guru99.com/
[INFO] 26-01-2026 15:09:34 [main] [LogUtils] - Verify equals: https://demo.guru99.com/ and https://demo.guru99.com/
[INFO] 26-01-2026 15:09:34 [main] [LogUtils] - Found element successfully
[INFO] 26-01-2026 15:09:35 [main] [LogUtils] - Click an element successfully: //ul[contains(@class,'navbar-nav')]//a[normalize-space()='Security Project']
[INFO] 26-01-2026 15:09:38 [main] [LogUtils] - Open URL: https://demo.guru99.com/
[INFO] 26-01-2026 15:09:38 [main] [LogUtils] - Verify equals: https://demo.guru99.com/ and https://demo.guru99.com/
[INFO] 26-01-2026 15:09:38 [main] [LogUtils] - Found element successfully
[INFO] 26-01-2026 15:09:40 [main] [LogUtils] - Click an element successfully: //ul[contains(@class,'navbar-nav')]//a[normalize-space()='Telecom Project']
[INFO] 26-01-2026 15:09:43 [main] [LogUtils] - Open URL: https://demo.guru99.com/
[INFO] 26-01-2026 15:09:43 [main] [LogUtils] - Verify equals: https://demo.guru99.com/ and https://demo.guru99.com/
[INFO] 26-01-2026 15:09:43 [main] [LogUtils] - Found element successfully
[INFO] 26-01-2026 15:09:44 [main] [LogUtils] - Click an element successfully: //ul[contains(@class,'navbar-nav')]//a[normalize-space()='Payment Gateway Project']
[INFO] 26-01-2026 15:09:50 [main] [LogUtils] - Open URL: https://demo.guru99.com/
[INFO] 26-01-2026 15:09:50 [main] [LogUtils] - Verify equals: https://demo.guru99.com/ and https://demo.guru99.com/
[INFO] 26-01-2026 15:09:50 [main] [LogUtils] - Found element successfully
[INFO] 26-01-2026 15:09:51 [main] [LogUtils] - Click an element successfully: //ul[contains(@class,'navbar-nav')]//a[normalize-space()='New Tours']
